Using pre-set license
Built from '2020.3/staging' branch; Version is '2020.3.26f1 (7298b473bc1a) revision 7510196'; Using compiler version '192528614'; Build Type 'Release'
OS: 'Windows 10  (10.0.19042) 64bit Core' Language: 'en' Physical Memory: 32604 MB
BatchMode: 1, IsHumanControllingUs: 0, StartBugReporterOnCrash: 0, Is64bit: 1, IsPro: 0

COMMAND LINE ARGUMENTS:
C:\Program Files\Unity\Hub\Editor\2020.3.26f1\Editor\Unity.exe
-adb2
-batchMode
-noUpm
-name
AssetImportWorker0
-projectPath
C:/Users/xtrem/OneDrive/Documents/GitHub/unity-github/My project (2)
-logFile
Logs/AssetImportWorker0.log
-srvPort
58401
Successfully changed project path to: C:/Users/xtrem/OneDrive/Documents/GitHub/unity-github/My project (2)
C:/Users/xtrem/OneDrive/Documents/GitHub/unity-github/My project (2)
Using Asset Import Pipeline V2.
Refreshing native plugins compatible for Editor in 29.49 ms, found 2 plugins.
Preloading 0 native plugins for Editor in 0.00 ms.
Initialize engine version: 2020.3.26f1 (7298b473bc1a)
[Subsystems] Discovering subsystems at path C:/Program Files/Unity/Hub/Editor/2020.3.26f1/Editor/Data/Resources/UnitySubsystems
[Subsystems] Discovering subsystems at path C:/Users/xtrem/OneDrive/Documents/GitHub/unity-github/My project (2)/Assets
GfxDevice: creating device client; threaded=0
Direct3D:
    Version:  Direct3D 11.0 [level 11.1]
    Renderer: NVIDIA GeForce RTX 3060 Laptop GPU (ID=0x2520)
    Vendor:   
    VRAM:     6023 MB
    Driver:   30.0.14.9709
Initialize mono
Mono path[0] = 'C:/Program Files/Unity/Hub/Editor/2020.3.26f1/Editor/Data/Managed'
Mono path[1] = 'C:/Program Files/Unity/Hub/Editor/2020.3.26f1/Editor/Data/MonoBleedingEdge/lib/mono/unityjit'
Mono config path = 'C:/Program Files/Unity/Hub/Editor/2020.3.26f1/Editor/Data/MonoBleedingEdge/etc'
Using monoOptions --debugger-agent=transport=dt_socket,embedding=1,server=y,suspend=n,address=127.0.0.1:56416
Begin MonoManager ReloadAssembly
Registering precompiled unity dll's ...
Register platform support module: C:/Program Files/Unity/Hub/Editor/2020.3.26f1/Editor/Data/PlaybackEngines/WindowsStandaloneSupport/UnityEditor.WindowsStandalone.Extensions.dll
Registered in 0.001885 seconds.
Native extension for WindowsStandalone target not found
Refreshing native plugins compatible for Editor in 25.84 ms, found 2 plugins.
Preloading 0 native plugins for Editor in 0.00 ms.
Mono: successfully reloaded assembly
- Completed reload, in  0.518 seconds
Domain Reload Profiling:
	ReloadAssembly (518ms)
		BeginReloadAssembly (51ms)
			ExecutionOrderSort (0ms)
			DisableScriptedObjects (0ms)
			BackupInstance (0ms)
			ReleaseScriptingObjects (0ms)
			CreateAndSetChildDomain (1ms)
		EndReloadAssembly (398ms)
			LoadAssemblies (49ms)
			RebuildTransferFunctionScriptingTraits (0ms)
			SetupTypeCache (137ms)
			ReleaseScriptCaches (0ms)
			RebuildScriptCaches (28ms)
			SetupLoadedEditorAssemblies (140ms)
				LogAssemblyErrors (0ms)
				InitializePlatformSupportModulesInManaged (4ms)
				SetLoadedEditorAssemblies (0ms)
				RefreshPlugins (26ms)
				BeforeProcessingInitializeOnLoad (15ms)
				ProcessInitializeOnLoadAttributes (67ms)
				ProcessInitializeOnLoadMethodAttributes (27ms)
				AfterProcessingInitializeOnLoad (0ms)
				EditorAssembliesLoaded (0ms)
			ExecutionOrderSort2 (0ms)
			AwakeInstancesAfterBackupRestoration (0ms)
Platform modules already initialized, skipping
Registering precompiled user dll's ...
Registered in 0.003750 seconds.
Begin MonoManager ReloadAssembly
Native extension for WindowsStandalone target not found
Refreshing native plugins compatible for Editor in 0.29 ms, found 2 plugins.
Preloading 0 native plugins for Editor in 0.00 ms.
Mono: successfully reloaded assembly
- Completed reload, in  0.933 seconds
Domain Reload Profiling:
	ReloadAssembly (934ms)
		BeginReloadAssembly (141ms)
			ExecutionOrderSort (0ms)
			DisableScriptedObjects (4ms)
			BackupInstance (0ms)
			ReleaseScriptingObjects (0ms)
			CreateAndSetChildDomain (19ms)
		EndReloadAssembly (734ms)
			LoadAssemblies (82ms)
			RebuildTransferFunctionScriptingTraits (0ms)
			SetupTypeCache (258ms)
			ReleaseScriptCaches (0ms)
			RebuildScriptCaches (37ms)
			SetupLoadedEditorAssemblies (278ms)
				LogAssemblyErrors (0ms)
				InitializePlatformSupportModulesInManaged (4ms)
				SetLoadedEditorAssemblies (0ms)
				RefreshPlugins (0ms)
				BeforeProcessingInitializeOnLoad (70ms)
				ProcessInitializeOnLoadAttributes (190ms)
				ProcessInitializeOnLoadMethodAttributes (8ms)
				AfterProcessingInitializeOnLoad (6ms)
				EditorAssembliesLoaded (0ms)
			ExecutionOrderSort2 (0ms)
			AwakeInstancesAfterBackupRestoration (5ms)
Platform modules already initialized, skipping
========================================================================
Worker process is ready to serve import requests
Launched and connected shader compiler UnityShaderCompiler.exe after 0.07 seconds
Refreshing native plugins compatible for Editor in 0.47 ms, found 2 plugins.
Preloading 0 native plugins for Editor in 0.00 ms.
Unloading 1503 Unused Serialized files (Serialized files now loaded: 0)
System memory in use before: 67.5 MB.
System memory in use after: 67.6 MB.

Unloading 19 unused Assets to reduce memory usage. Loaded Objects now: 1935.
Total: 2.479200 ms (FindLiveObjects: 0.156100 ms CreateObjectMapping: 0.050100 ms MarkObjects: 2.154700 ms  DeleteObjects: 0.117500 ms)

AssetImportParameters requested are different than current active one (requested -> active):
  custom:framework-win-MediaFoundation: 216162199b28c13a410421893ffa2e32 -> 
  custom:video-decoder-ogg-theora: a1e56fd34408186e4bbccfd4996cb3dc -> 
  custom:container-muxer-webm: aa71ff27fc2769a1b78a27578f13a17b -> 
  custom:container-demuxer-webm: 4f35f7cbe854078d1ac9338744f61a02 -> 
  custom:container-demuxer-ogg: 62fdf1f143b41e24485cea50d1cbac27 -> 
  custom:video-encoder-webm-vp8: eb34c28f22e8b96e1ab97ce403110664 -> 
  custom:video-decoder-webm-vp8: 9c59270c3fd7afecdb556c50c9e8de78 -> 
  custom:audio-decoder-ogg-vorbis: bf7c407c2cedff20999df2af8eb42d56 -> 
  custom:audio-encoder-webm-vorbis: bf7c407c2cedff20999df2af8eb42d56 -> 
========================================================================
Received Import Request.
  path: Assets/GUI
  artifactKey: Guid(95e10ec9b58b192429effaf3d8e0a264) Importer(815301076,1909f56bfc062723c751e8b465ee728b)
Start importing Assets/GUI using Guid(95e10ec9b58b192429effaf3d8e0a264) Importer(815301076,1909f56bfc062723c751e8b465ee728b)  -> (artifact id: '9ceae7a6757b010895bd0da48e049f8f') in 0.016134 seconds 
  Import took 0.018909 seconds .

========================================================================
Received Import Request.
  Time since last request: 9.137272 seconds.
  path: Assets/GUI/Battle
  artifactKey: Guid(e908be0bb1d77a947952737c470b2738) Importer(815301076,1909f56bfc062723c751e8b465ee728b)
Start importing Assets/GUI/Battle using Guid(e908be0bb1d77a947952737c470b2738) Importer(815301076,1909f56bfc062723c751e8b465ee728b)  -> (artifact id: '4ea938d77288af0b231c511e8591bde4') in 0.008894 seconds 
  Import took 0.013024 seconds .

========================================================================
Received Import Request.
  Time since last request: 10.892620 seconds.
  path: Assets/GUI/General
  artifactKey: Guid(f2086060bcce77149b054d876526d264) Importer(815301076,1909f56bfc062723c751e8b465ee728b)
Start importing Assets/GUI/General using Guid(f2086060bcce77149b054d876526d264) Importer(815301076,1909f56bfc062723c751e8b465ee728b)  -> (artifact id: 'd1702868642fe02f9b9ae380048b0440') in 0.010595 seconds 
  Import took 0.013106 seconds .

========================================================================
Received Import Request.
  Time since last request: 8.810791 seconds.
  path: Assets/GUI/General/Pause.png
  artifactKey: Guid(4f833073fe0409441aef885c3e0f60a6) Importer(815301076,1909f56bfc062723c751e8b465ee728b)
Start importing Assets/GUI/General/Pause.png using Guid(4f833073fe0409441aef885c3e0f60a6) Importer(815301076,1909f56bfc062723c751e8b465ee728b)  -> (artifact id: '49e8db3c49741d370f0bb443e7b50109') in 0.055315 seconds 
  Import took 0.057734 seconds .

========================================================================
Received Import Request.
  Time since last request: 47.402053 seconds.
  path: Assets/GUI/General/Pause.png
  artifactKey: Guid(4f833073fe0409441aef885c3e0f60a6) Importer(815301076,1909f56bfc062723c751e8b465ee728b)
Start importing Assets/GUI/General/Pause.png using Guid(4f833073fe0409441aef885c3e0f60a6) Importer(815301076,1909f56bfc062723c751e8b465ee728b)  -> (artifact id: '5264d7b6f1bf5e40ff0c7d1087718c0d') in 0.045842 seconds 
  Import took 0.048818 seconds .

========================================================================
Received Prepare
Registering precompiled user dll's ...
Registered in 0.003515 seconds.
Begin MonoManager ReloadAssembly
Native extension for WindowsStandalone target not found
Refreshing native plugins compatible for Editor in 0.69 ms, found 2 plugins.
Preloading 0 native plugins for Editor in 0.00 ms.
Mono: successfully reloaded assembly
- Completed reload, in  1.180 seconds
Domain Reload Profiling:
	ReloadAssembly (1181ms)
		BeginReloadAssembly (111ms)
			ExecutionOrderSort (0ms)
			DisableScriptedObjects (6ms)
			BackupInstance (0ms)
			ReleaseScriptingObjects (0ms)
			CreateAndSetChildDomain (29ms)
		EndReloadAssembly (1012ms)
			LoadAssemblies (80ms)
			RebuildTransferFunctionScriptingTraits (0ms)
			SetupTypeCache (345ms)
			ReleaseScriptCaches (2ms)
			RebuildScriptCaches (54ms)
			SetupLoadedEditorAssemblies (389ms)
				LogAssemblyErrors (0ms)
				InitializePlatformSupportModulesInManaged (7ms)
				SetLoadedEditorAssemblies (1ms)
				RefreshPlugins (1ms)
				BeforeProcessingInitializeOnLoad (96ms)
				ProcessInitializeOnLoadAttributes (263ms)
				ProcessInitializeOnLoadMethodAttributes (11ms)
				AfterProcessingInitializeOnLoad (9ms)
				EditorAssembliesLoaded (0ms)
			ExecutionOrderSort2 (0ms)
			AwakeInstancesAfterBackupRestoration (8ms)
Platform modules already initialized, skipping
Refreshing native plugins compatible for Editor in 0.35 ms, found 2 plugins.
Preloading 0 native plugins for Editor in 0.00 ms.
Unloading 1531 Unused Serialized files (Serialized files now loaded: 0)
System memory in use before: 72.5 MB.
System memory in use after: 72.6 MB.

Unloading 14 unused Assets to reduce memory usage. Loaded Objects now: 1978.
Total: 4.804400 ms (FindLiveObjects: 0.259400 ms CreateObjectMapping: 0.060400 ms MarkObjects: 4.447000 ms  DeleteObjects: 0.035500 ms)

AssetImportParameters requested are different than current active one (requested -> active):
  custom:framework-win-MediaFoundation: 216162199b28c13a410421893ffa2e32 -> 
  custom:video-decoder-ogg-theora: a1e56fd34408186e4bbccfd4996cb3dc -> 
  custom:container-muxer-webm: aa71ff27fc2769a1b78a27578f13a17b -> 
  custom:container-demuxer-webm: 4f35f7cbe854078d1ac9338744f61a02 -> 
  custom:container-demuxer-ogg: 62fdf1f143b41e24485cea50d1cbac27 -> 
  custom:video-encoder-webm-vp8: eb34c28f22e8b96e1ab97ce403110664 -> 
  custom:video-decoder-webm-vp8: 9c59270c3fd7afecdb556c50c9e8de78 -> 
  custom:audio-decoder-ogg-vorbis: bf7c407c2cedff20999df2af8eb42d56 -> 
  custom:audio-encoder-webm-vorbis: bf7c407c2cedff20999df2af8eb42d56 -> 
========================================================================
Received Prepare
Registering precompiled user dll's ...
Registered in 0.003681 seconds.
Begin MonoManager ReloadAssembly
Native extension for WindowsStandalone target not found
Refreshing native plugins compatible for Editor in 0.33 ms, found 2 plugins.
Preloading 0 native plugins for Editor in 0.00 ms.
Mono: successfully reloaded assembly
- Completed reload, in  0.836 seconds
Domain Reload Profiling:
	ReloadAssembly (836ms)
		BeginReloadAssembly (100ms)
			ExecutionOrderSort (0ms)
			DisableScriptedObjects (4ms)
			BackupInstance (0ms)
			ReleaseScriptingObjects (0ms)
			CreateAndSetChildDomain (27ms)
		EndReloadAssembly (684ms)
			LoadAssemblies (77ms)
			RebuildTransferFunctionScriptingTraits (0ms)
			SetupTypeCache (247ms)
			ReleaseScriptCaches (1ms)
			RebuildScriptCaches (31ms)
			SetupLoadedEditorAssemblies (250ms)
				LogAssemblyErrors (0ms)
				InitializePlatformSupportModulesInManaged (4ms)
				SetLoadedEditorAssemblies (0ms)
				RefreshPlugins (0ms)
				BeforeProcessingInitializeOnLoad (68ms)
				ProcessInitializeOnLoadAttributes (164ms)
				ProcessInitializeOnLoadMethodAttributes (7ms)
				AfterProcessingInitializeOnLoad (6ms)
				EditorAssembliesLoaded (0ms)
			ExecutionOrderSort2 (0ms)
			AwakeInstancesAfterBackupRestoration (7ms)
Platform modules already initialized, skipping
Refreshing native plugins compatible for Editor in 0.34 ms, found 2 plugins.
Preloading 0 native plugins for Editor in 0.00 ms.
Unloading 1792 Unused Serialized files (Serialized files now loaded: 0)
System memory in use before: 85.9 MB.
System memory in use after: 86.0 MB.

Unloading 15 unused Assets to reduce memory usage. Loaded Objects now: 2240.
Total: 2.183500 ms (FindLiveObjects: 0.122500 ms CreateObjectMapping: 0.056800 ms MarkObjects: 1.967300 ms  DeleteObjects: 0.036300 ms)

AssetImportParameters requested are different than current active one (requested -> active):
  custom:framework-win-MediaFoundation: 216162199b28c13a410421893ffa2e32 -> 
  custom:video-decoder-ogg-theora: a1e56fd34408186e4bbccfd4996cb3dc -> 
  custom:container-muxer-webm: aa71ff27fc2769a1b78a27578f13a17b -> 
  custom:container-demuxer-webm: 4f35f7cbe854078d1ac9338744f61a02 -> 
  custom:container-demuxer-ogg: 62fdf1f143b41e24485cea50d1cbac27 -> 
  custom:video-encoder-webm-vp8: eb34c28f22e8b96e1ab97ce403110664 -> 
  custom:video-decoder-webm-vp8: 9c59270c3fd7afecdb556c50c9e8de78 -> 
  custom:audio-decoder-ogg-vorbis: bf7c407c2cedff20999df2af8eb42d56 -> 
  custom:audio-encoder-webm-vorbis: bf7c407c2cedff20999df2af8eb42d56 -> 
========================================================================
Received Import Request.
  Time since last request: 126.683111 seconds.
  path: Assets/GUI/General/Pause.png
  artifactKey: Guid(4f833073fe0409441aef885c3e0f60a6) Importer(815301076,1909f56bfc062723c751e8b465ee728b)
Start importing Assets/GUI/General/Pause.png using Guid(4f833073fe0409441aef885c3e0f60a6) Importer(815301076,1909f56bfc062723c751e8b465ee728b)  -> (artifact id: '808a93373dc47c2d4d290494e4ccdd77') in 0.048289 seconds 
  Import took 0.051087 seconds .

========================================================================
Received Import Request.
  Time since last request: 32.418757 seconds.
  path: Assets/GUI/Battle/Background.png
  artifactKey: Guid(0b0613f42dd81234b85ab6c1c0b97770) Importer(815301076,1909f56bfc062723c751e8b465ee728b)
Start importing Assets/GUI/Battle/Background.png using Guid(0b0613f42dd81234b85ab6c1c0b97770) Importer(815301076,1909f56bfc062723c751e8b465ee728b)  -> (artifact id: '8b66d3aba4bf1f8dadb594ca4908ca22') in 0.017868 seconds 
  Import took 0.023312 seconds .

========================================================================
Received Import Request.
  Time since last request: 0.000427 seconds.
  path: Assets/GUI/Battle/Button 2.png
  artifactKey: Guid(1ca6dd6164bef6f498c1bf495c9662d0) Importer(815301076,1909f56bfc062723c751e8b465ee728b)
Start importing Assets/GUI/Battle/Button 2.png using Guid(1ca6dd6164bef6f498c1bf495c9662d0) Importer(815301076,1909f56bfc062723c751e8b465ee728b)  -> (artifact id: '9098aa688d28ffff178e5bdadb0098c0') in 0.021583 seconds 
  Import took 0.027236 seconds .

========================================================================
Received Import Request.
  Time since last request: 0.000424 seconds.
  path: Assets/GUI/Battle/Hearts2.png
  artifactKey: Guid(7763f94a44f944f40a80fd9f9b76e223) Importer(815301076,1909f56bfc062723c751e8b465ee728b)
Start importing Assets/GUI/Battle/Hearts2.png using Guid(7763f94a44f944f40a80fd9f9b76e223) Importer(815301076,1909f56bfc062723c751e8b465ee728b)  -> (artifact id: '21469900ea2576216ff0846cac208865') in 0.020900 seconds 
  Import took 0.025515 seconds .

========================================================================
Received Import Request.
  Time since last request: 0.000910 seconds.
  path: Assets/GUI/Battle/Player.png
  artifactKey: Guid(3f112841104b68c468e89f247d356f96) Importer(815301076,1909f56bfc062723c751e8b465ee728b)
Start importing Assets/GUI/Battle/Player.png using Guid(3f112841104b68c468e89f247d356f96) Importer(815301076,1909f56bfc062723c751e8b465ee728b)  -> (artifact id: '0444dca318440a5db97e5594bd8aa7aa') in 0.019560 seconds 
  Import took 0.024288 seconds .

========================================================================
Received Import Request.
  Time since last request: 0.000720 seconds.
  path: Assets/GUI/Battle/Monsters.png
  artifactKey: Guid(ef9c9139d80e2ee4bb5becd09b619636) Importer(815301076,1909f56bfc062723c751e8b465ee728b)
Start importing Assets/GUI/Battle/Monsters.png using Guid(ef9c9139d80e2ee4bb5becd09b619636) Importer(815301076,1909f56bfc062723c751e8b465ee728b)  -> (artifact id: 'e95dc739c0e632f5d6b591a0ca5cb0da') in 0.015364 seconds 
  Import took 0.020888 seconds .

========================================================================
Received Import Request.
  Time since last request: 0.000394 seconds.
  path: Assets/GUI/Battle/Text Box.png
  artifactKey: Guid(fc39ac99ce9ad7c46a34e93a1281bd40) Importer(815301076,1909f56bfc062723c751e8b465ee728b)
Start importing Assets/GUI/Battle/Text Box.png using Guid(fc39ac99ce9ad7c46a34e93a1281bd40) Importer(815301076,1909f56bfc062723c751e8b465ee728b)  -> (artifact id: '1320848138b71b205731834d1868fba6') in 0.017621 seconds 
  Import took 0.021992 seconds .

========================================================================
Received Import Request.
  Time since last request: 0.000251 seconds.
  path: Assets/GUI/Battle/Button 1.png
  artifactKey: Guid(faa6f4e5b65251642930e396f00d7882) Importer(815301076,1909f56bfc062723c751e8b465ee728b)
Start importing Assets/GUI/Battle/Button 1.png using Guid(faa6f4e5b65251642930e396f00d7882) Importer(815301076,1909f56bfc062723c751e8b465ee728b)  -> (artifact id: '630b2d16b33529e60e90f772490202ff') in 0.017144 seconds 
  Import took 0.022666 seconds .

========================================================================
Received Import Request.
  Time since last request: 0.000320 seconds.
  path: Assets/GUI/Battle/Hearts1.png
  artifactKey: Guid(894e84b92b9de524c9a7804bc006634f) Importer(815301076,1909f56bfc062723c751e8b465ee728b)
Start importing Assets/GUI/Battle/Hearts1.png using Guid(894e84b92b9de524c9a7804bc006634f) Importer(815301076,1909f56bfc062723c751e8b465ee728b)  -> (artifact id: '6d1d912477b6b0a5cad3b609315ed01a') in 0.020694 seconds 
  Import took 0.027564 seconds .

========================================================================
Received Import Request.
  Time since last request: 0.000551 seconds.
  path: Assets/GUI/Battle/Button 3.png
  artifactKey: Guid(a13662f75d0090544a72e75992361211) Importer(815301076,1909f56bfc062723c751e8b465ee728b)
Start importing Assets/GUI/Battle/Button 3.png using Guid(a13662f75d0090544a72e75992361211) Importer(815301076,1909f56bfc062723c751e8b465ee728b)  -> (artifact id: '1462f8b44201e3acec59b75026454f27') in 0.019384 seconds 
  Import took 0.023258 seconds .

========================================================================
Received Import Request.
  Time since last request: 0.000188 seconds.
  path: Assets/GUI/Battle/Button 4.png
  artifactKey: Guid(d25222cf5ce7cb14bbe758958a598489) Importer(815301076,1909f56bfc062723c751e8b465ee728b)
Start importing Assets/GUI/Battle/Button 4.png using Guid(d25222cf5ce7cb14bbe758958a598489) Importer(815301076,1909f56bfc062723c751e8b465ee728b)  -> (artifact id: '5741b2516d8f48ca93e7b259e6640898') in 0.015275 seconds 
  Import took 0.018133 seconds .

========================================================================
Received Import Request.
  Time since last request: 14.315539 seconds.
  path: Assets/GUI/Battle/Background.png
  artifactKey: Guid(0b0613f42dd81234b85ab6c1c0b97770) Importer(815301076,1909f56bfc062723c751e8b465ee728b)
Start importing Assets/GUI/Battle/Background.png using Guid(0b0613f42dd81234b85ab6c1c0b97770) Importer(815301076,1909f56bfc062723c751e8b465ee728b)  -> (artifact id: 'e501c89ab442c84955e4c42c0fc448ea') in 0.024397 seconds 
  Import took 0.028274 seconds .

========================================================================
Received Import Request.
  Time since last request: 0.000190 seconds.
  path: Assets/GUI/Battle/Button 2.png
  artifactKey: Guid(1ca6dd6164bef6f498c1bf495c9662d0) Importer(815301076,1909f56bfc062723c751e8b465ee728b)
Start importing Assets/GUI/Battle/Button 2.png using Guid(1ca6dd6164bef6f498c1bf495c9662d0) Importer(815301076,1909f56bfc062723c751e8b465ee728b)  -> (artifact id: 'c4cc146f4a23ca8f8ab0ab3bf1068b15') in 0.026505 seconds 
  Import took 0.031198 seconds .

========================================================================
Received Import Request.
  Time since last request: 0.000315 seconds.
  path: Assets/GUI/Battle/Hearts2.png
  artifactKey: Guid(7763f94a44f944f40a80fd9f9b76e223) Importer(815301076,1909f56bfc062723c751e8b465ee728b)
Start importing Assets/GUI/Battle/Hearts2.png using Guid(7763f94a44f944f40a80fd9f9b76e223) Importer(815301076,1909f56bfc062723c751e8b465ee728b)  -> (artifact id: 'f9dcb9576038dc9e873676a37a6b55ea') in 0.023855 seconds 
  Import took 0.029107 seconds .

========================================================================
Received Import Request.
  Time since last request: 0.000251 seconds.
  path: Assets/GUI/Battle/Player.png
  artifactKey: Guid(3f112841104b68c468e89f247d356f96) Importer(815301076,1909f56bfc062723c751e8b465ee728b)
Start importing Assets/GUI/Battle/Player.png using Guid(3f112841104b68c468e89f247d356f96) Importer(815301076,1909f56bfc062723c751e8b465ee728b)  -> (artifact id: 'a79c1f1afecadf0115d1334b5c46da53') in 0.026670 seconds 
  Import took 0.031524 seconds .

========================================================================
Received Import Request.
  Time since last request: 0.000300 seconds.
  path: Assets/GUI/Battle/Monsters.png
  artifactKey: Guid(ef9c9139d80e2ee4bb5becd09b619636) Importer(815301076,1909f56bfc062723c751e8b465ee728b)
Start importing Assets/GUI/Battle/Monsters.png using Guid(ef9c9139d80e2ee4bb5becd09b619636) Importer(815301076,1909f56bfc062723c751e8b465ee728b)  -> (artifact id: '0a1aa78936ca63df568a8ec8612b78bc') in 0.027250 seconds 
  Import took 0.032604 seconds .

========================================================================
Received Import Request.
  Time since last request: 0.000288 seconds.
  path: Assets/GUI/Battle/Text Box.png
  artifactKey: Guid(fc39ac99ce9ad7c46a34e93a1281bd40) Importer(815301076,1909f56bfc062723c751e8b465ee728b)
Start importing Assets/GUI/Battle/Text Box.png using Guid(fc39ac99ce9ad7c46a34e93a1281bd40) Importer(815301076,1909f56bfc062723c751e8b465ee728b)  -> (artifact id: '59a423cc8d999982eb031e42a6ab7b79') in 0.022635 seconds 
  Import took 0.028311 seconds .

========================================================================
Received Import Request.
  Time since last request: 0.000302 seconds.
  path: Assets/GUI/Battle/Button 1.png
  artifactKey: Guid(faa6f4e5b65251642930e396f00d7882) Importer(815301076,1909f56bfc062723c751e8b465ee728b)
Start importing Assets/GUI/Battle/Button 1.png using Guid(faa6f4e5b65251642930e396f00d7882) Importer(815301076,1909f56bfc062723c751e8b465ee728b)  -> (artifact id: '27b2129b5c3a83d1c0b3c95364e82df9') in 0.017869 seconds 
  Import took 0.020928 seconds .

========================================================================
Received Import Request.
  Time since last request: 0.000151 seconds.
  path: Assets/GUI/Battle/Hearts1.png
  artifactKey: Guid(894e84b92b9de524c9a7804bc006634f) Importer(815301076,1909f56bfc062723c751e8b465ee728b)
Start importing Assets/GUI/Battle/Hearts1.png using Guid(894e84b92b9de524c9a7804bc006634f) Importer(815301076,1909f56bfc062723c751e8b465ee728b)  -> (artifact id: '8b12254833d1457f06a6e906f7cec9f1') in 0.018629 seconds 
  Import took 0.022650 seconds .

========================================================================
Received Import Request.
  Time since last request: 0.000256 seconds.
  path: Assets/GUI/Battle/Button 3.png
  artifactKey: Guid(a13662f75d0090544a72e75992361211) Importer(815301076,1909f56bfc062723c751e8b465ee728b)
Start importing Assets/GUI/Battle/Button 3.png using Guid(a13662f75d0090544a72e75992361211) Importer(815301076,1909f56bfc062723c751e8b465ee728b)  -> (artifact id: '2c43c491a524800edf3f8f00307243e2') in 0.019493 seconds 
  Import took 0.023615 seconds .

========================================================================
Received Import Request.
  Time since last request: 0.000200 seconds.
  path: Assets/GUI/Battle/Button 4.png
  artifactKey: Guid(d25222cf5ce7cb14bbe758958a598489) Importer(815301076,1909f56bfc062723c751e8b465ee728b)
Start importing Assets/GUI/Battle/Button 4.png using Guid(d25222cf5ce7cb14bbe758958a598489) Importer(815301076,1909f56bfc062723c751e8b465ee728b)  -> (artifact id: 'd654ddac2da79e892a9b81ab8357bf6c') in 0.017534 seconds 
  Import took 0.022852 seconds .

========================================================================
Received Import Request.
  Time since last request: 40.961298 seconds.
  path: Assets/GUI/Battle/Button 1.png
  artifactKey: Guid(faa6f4e5b65251642930e396f00d7882) Importer(815301076,1909f56bfc062723c751e8b465ee728b)
Start importing Assets/GUI/Battle/Button 1.png using Guid(faa6f4e5b65251642930e396f00d7882) Importer(815301076,1909f56bfc062723c751e8b465ee728b)  -> (artifact id: '9b00cfc5703adb0f92c53265fb35c03b') in 0.014135 seconds 
  Import took 0.017655 seconds .

========================================================================
Received Import Request.
  Time since last request: 26.062642 seconds.
  path: Assets/GUI/Battle/Button 2.png
  artifactKey: Guid(1ca6dd6164bef6f498c1bf495c9662d0) Importer(815301076,1909f56bfc062723c751e8b465ee728b)
Start importing Assets/GUI/Battle/Button 2.png using Guid(1ca6dd6164bef6f498c1bf495c9662d0) Importer(815301076,1909f56bfc062723c751e8b465ee728b)  -> (artifact id: '7a2910ca3fed8c27daca41112cf994d7') in 0.008686 seconds 
  Import took 0.011611 seconds .

========================================================================
Received Import Request.
  Time since last request: 35.683775 seconds.
  path: Assets/GUI/Battle/Button 3.png
  artifactKey: Guid(a13662f75d0090544a72e75992361211) Importer(815301076,1909f56bfc062723c751e8b465ee728b)
Start importing Assets/GUI/Battle/Button 3.png using Guid(a13662f75d0090544a72e75992361211) Importer(815301076,1909f56bfc062723c751e8b465ee728b)  -> (artifact id: '7a3342d75559ea8b91dd468928f0e933') in 0.009779 seconds 
  Import took 0.012753 seconds .

========================================================================
Received Import Request.
  Time since last request: 19.725031 seconds.
  path: Assets/GUI/Battle/Button 4.png
  artifactKey: Guid(d25222cf5ce7cb14bbe758958a598489) Importer(815301076,1909f56bfc062723c751e8b465ee728b)
Start importing Assets/GUI/Battle/Button 4.png using Guid(d25222cf5ce7cb14bbe758958a598489) Importer(815301076,1909f56bfc062723c751e8b465ee728b)  -> (artifact id: 'cf277e0d2b3f061185571ab085845bcf') in 0.008993 seconds 
  Import took 0.012747 seconds .

========================================================================
Received Import Request.
  Time since last request: 31.801693 seconds.
  path: Assets/GUI/Battle/Hearts1.png
  artifactKey: Guid(894e84b92b9de524c9a7804bc006634f) Importer(815301076,1909f56bfc062723c751e8b465ee728b)
Start importing Assets/GUI/Battle/Hearts1.png using Guid(894e84b92b9de524c9a7804bc006634f) Importer(815301076,1909f56bfc062723c751e8b465ee728b)  -> (artifact id: '9f9cf3fa015218a423be312b44591ad1') in 0.011576 seconds 
  Import took 0.014953 seconds .

========================================================================
Received Import Request.
  Time since last request: 16.845446 seconds.
  path: Assets/GUI/Battle/Hearts2.png
  artifactKey: Guid(7763f94a44f944f40a80fd9f9b76e223) Importer(815301076,1909f56bfc062723c751e8b465ee728b)
Start importing Assets/GUI/Battle/Hearts2.png using Guid(7763f94a44f944f40a80fd9f9b76e223) Importer(815301076,1909f56bfc062723c751e8b465ee728b)  -> (artifact id: 'd7a6ab0185ecf9181b7ae48ecf7acab3') in 0.015819 seconds 
  Import took 0.019113 seconds .

========================================================================
Received Import Request.
  Time since last request: 21.384098 seconds.
  path: Assets/GUI/Battle/Monsters.png
  artifactKey: Guid(ef9c9139d80e2ee4bb5becd09b619636) Importer(815301076,1909f56bfc062723c751e8b465ee728b)
Start importing Assets/GUI/Battle/Monsters.png using Guid(ef9c9139d80e2ee4bb5becd09b619636) Importer(815301076,1909f56bfc062723c751e8b465ee728b)  -> (artifact id: '7cc7d6e404506342b6a6e434111eec22') in 0.015153 seconds 
  Import took 0.018633 seconds .

========================================================================
Received Import Request.
  Time since last request: 19.712608 seconds.
  path: Assets/GUI/Battle/Player.png
  artifactKey: Guid(3f112841104b68c468e89f247d356f96) Importer(815301076,1909f56bfc062723c751e8b465ee728b)
Start importing Assets/GUI/Battle/Player.png using Guid(3f112841104b68c468e89f247d356f96) Importer(815301076,1909f56bfc062723c751e8b465ee728b)  -> (artifact id: 'e4d0ba5a323492e537d2246fefb75278') in 0.010847 seconds 
  Import took 0.014654 seconds .

========================================================================
Received Import Request.
  Time since last request: 21.432197 seconds.
  path: Assets/GUI/Battle/Text Box.png
  artifactKey: Guid(fc39ac99ce9ad7c46a34e93a1281bd40) Importer(815301076,1909f56bfc062723c751e8b465ee728b)
Start importing Assets/GUI/Battle/Text Box.png using Guid(fc39ac99ce9ad7c46a34e93a1281bd40) Importer(815301076,1909f56bfc062723c751e8b465ee728b)  -> (artifact id: '3e7a8418e7e6bf922f019591c4517535') in 0.009537 seconds 
  Import took 0.012594 seconds .

========================================================================
Received Import Request.
  Time since last request: 357.344410 seconds.
  path: Assets/GUI/Battle/Button 5.png
  artifactKey: Guid(a5cbb801293171d44a5e4f86f19117cd) Importer(815301076,1909f56bfc062723c751e8b465ee728b)
Start importing Assets/GUI/Battle/Button 5.png using Guid(a5cbb801293171d44a5e4f86f19117cd) Importer(815301076,1909f56bfc062723c751e8b465ee728b)  -> (artifact id: '952ab54f3602249eafcdac10484fea42') in 0.013150 seconds 
  Import took 0.016003 seconds .

========================================================================
Received Import Request.
  Time since last request: 12.858112 seconds.
  path: Assets/GUI/Battle/Button 1.png
  artifactKey: Guid(a5cbb801293171d44a5e4f86f19117cd) Importer(815301076,1909f56bfc062723c751e8b465ee728b)
Start importing Assets/GUI/Battle/Button 1.png using Guid(a5cbb801293171d44a5e4f86f19117cd) Importer(815301076,1909f56bfc062723c751e8b465ee728b)  -> (artifact id: '1cd8ec6aed75c8198ef9c14454ae8d35') in 0.008381 seconds 
  Import took 0.012344 seconds .

========================================================================
Received Import Request.
  Time since last request: 7.791924 seconds.
  path: Assets/GUI/Battle/Button 1.png
  artifactKey: Guid(a5cbb801293171d44a5e4f86f19117cd) Importer(815301076,1909f56bfc062723c751e8b465ee728b)
Start importing Assets/GUI/Battle/Button 1.png using Guid(a5cbb801293171d44a5e4f86f19117cd) Importer(815301076,1909f56bfc062723c751e8b465ee728b)  -> (artifact id: 'ed6b1b279836b6528090224f4557d461') in 0.014405 seconds 
  Import took 0.017697 seconds .

========================================================================
Received Import Request.
  Time since last request: 521.688776 seconds.
  path: Assets/GUI/Battle/Button 2.png
  artifactKey: Guid(1ca6dd6164bef6f498c1bf495c9662d0) Importer(815301076,1909f56bfc062723c751e8b465ee728b)
Start importing Assets/GUI/Battle/Button 2.png using Guid(1ca6dd6164bef6f498c1bf495c9662d0) Importer(815301076,1909f56bfc062723c751e8b465ee728b)  -> (artifact id: 'f93f48b9fff00a1f9ca13c299930b7c4') in 0.009489 seconds 
  Import took 0.012578 seconds .

========================================================================
Received Import Request.
  Time since last request: 0.000281 seconds.
  path: Assets/GUI/Battle/Hearts2.png
  artifactKey: Guid(7763f94a44f944f40a80fd9f9b76e223) Importer(815301076,1909f56bfc062723c751e8b465ee728b)
Start importing Assets/GUI/Battle/Hearts2.png using Guid(7763f94a44f944f40a80fd9f9b76e223) Importer(815301076,1909f56bfc062723c751e8b465ee728b)  -> (artifact id: '4df338cad2aabdbea1ccc41a74d49611') in 0.009708 seconds 
  Import took 0.012507 seconds .

========================================================================
Received Import Request.
  Time since last request: 0.000202 seconds.
  path: Assets/GUI/Battle/Player.png
  artifactKey: Guid(3f112841104b68c468e89f247d356f96) Importer(815301076,1909f56bfc062723c751e8b465ee728b)
Start importing Assets/GUI/Battle/Player.png using Guid(3f112841104b68c468e89f247d356f96) Importer(815301076,1909f56bfc062723c751e8b465ee728b)  -> (artifact id: 'cb224b711f4584640b816a779f3bd538') in 0.008977 seconds 
  Import took 0.011461 seconds .

========================================================================
Received Import Request.
  Time since last request: 0.000179 seconds.
  path: Assets/GUI/Battle/Monsters.png
  artifactKey: Guid(ef9c9139d80e2ee4bb5becd09b619636) Importer(815301076,1909f56bfc062723c751e8b465ee728b)
Start importing Assets/GUI/Battle/Monsters.png using Guid(ef9c9139d80e2ee4bb5becd09b619636) Importer(815301076,1909f56bfc062723c751e8b465ee728b)  -> (artifact id: '0d226a3ae220888d597919abcb205053') in 0.008806 seconds 
  Import took 0.011165 seconds .

========================================================================
Received Import Request.
  Time since last request: 0.000197 seconds.
  path: Assets/GUI/Battle/Text Box.png
  artifactKey: Guid(fc39ac99ce9ad7c46a34e93a1281bd40) Importer(815301076,1909f56bfc062723c751e8b465ee728b)
Start importing Assets/GUI/Battle/Text Box.png using Guid(fc39ac99ce9ad7c46a34e93a1281bd40) Importer(815301076,1909f56bfc062723c751e8b465ee728b)  -> (artifact id: '91327e9d6a65d05cd91bce48c410c1fa') in 0.008317 seconds 
  Import took 0.011064 seconds .

========================================================================
Received Import Request.
  Time since last request: 0.000379 seconds.
  path: Assets/GUI/Battle/Hearts1.png
  artifactKey: Guid(894e84b92b9de524c9a7804bc006634f) Importer(815301076,1909f56bfc062723c751e8b465ee728b)
Start importing Assets/GUI/Battle/Hearts1.png using Guid(894e84b92b9de524c9a7804bc006634f) Importer(815301076,1909f56bfc062723c751e8b465ee728b)  -> (artifact id: '36f26c53b6882a4812290659fef6fc82') in 0.008370 seconds 
  Import took 0.010954 seconds .

========================================================================
Received Import Request.
  Time since last request: 0.000369 seconds.
  path: Assets/GUI/Battle/Button 3.png
  artifactKey: Guid(a13662f75d0090544a72e75992361211) Importer(815301076,1909f56bfc062723c751e8b465ee728b)
Start importing Assets/GUI/Battle/Button 3.png using Guid(a13662f75d0090544a72e75992361211) Importer(815301076,1909f56bfc062723c751e8b465ee728b)  -> (artifact id: '3d8b2153a7187acdb413c9fb4b503d9b') in 0.007449 seconds 
  Import took 0.009869 seconds .

========================================================================
Received Import Request.
  Time since last request: 0.000308 seconds.
  path: Assets/GUI/Battle/Button 4.png
  artifactKey: Guid(d25222cf5ce7cb14bbe758958a598489) Importer(815301076,1909f56bfc062723c751e8b465ee728b)
Start importing Assets/GUI/Battle/Button 4.png using Guid(d25222cf5ce7cb14bbe758958a598489) Importer(815301076,1909f56bfc062723c751e8b465ee728b)  -> (artifact id: '51ee82f8e8536314fb77ac4e14f0efcd') in 0.008850 seconds 
  Import took 0.011588 seconds .

========================================================================
Received Import Request.
  Time since last request: 8.202955 seconds.
  path: Assets/GUI/General/Pause.png
  artifactKey: Guid(4f833073fe0409441aef885c3e0f60a6) Importer(815301076,1909f56bfc062723c751e8b465ee728b)
Start importing Assets/GUI/General/Pause.png using Guid(4f833073fe0409441aef885c3e0f60a6) Importer(815301076,1909f56bfc062723c751e8b465ee728b)  -> (artifact id: 'be22b6332ba8eefa8075bb0912c3facc') in 0.008436 seconds 
  Import took 0.011628 seconds .

========================================================================
Received Import Request.
  Time since last request: 6.160667 seconds.
  path: Assets/GUI/General/Pause.png
  artifactKey: Guid(4f833073fe0409441aef885c3e0f60a6) Importer(815301076,1909f56bfc062723c751e8b465ee728b)
Start importing Assets/GUI/General/Pause.png using Guid(4f833073fe0409441aef885c3e0f60a6) Importer(815301076,1909f56bfc062723c751e8b465ee728b)  -> (artifact id: 'f88256e9dc3191208c30aef4f9ff5b59') in 0.017761 seconds 
  Import took 0.021510 seconds .

========================================================================
Received Import Request.
  Time since last request: 12.802612 seconds.
  path: Assets/GUI/Battle/Button 2.png
  artifactKey: Guid(1ca6dd6164bef6f498c1bf495c9662d0) Importer(815301076,1909f56bfc062723c751e8b465ee728b)
Start importing Assets/GUI/Battle/Button 2.png using Guid(1ca6dd6164bef6f498c1bf495c9662d0) Importer(815301076,1909f56bfc062723c751e8b465ee728b)  -> (artifact id: 'bf1fd921df7329a473bfa925ba5726c5') in 0.013064 seconds 
  Import took 0.015742 seconds .

========================================================================
Received Import Request.
  Time since last request: 0.000150 seconds.
  path: Assets/GUI/Battle/Hearts2.png
  artifactKey: Guid(7763f94a44f944f40a80fd9f9b76e223) Importer(815301076,1909f56bfc062723c751e8b465ee728b)
Start importing Assets/GUI/Battle/Hearts2.png using Guid(7763f94a44f944f40a80fd9f9b76e223) Importer(815301076,1909f56bfc062723c751e8b465ee728b)  -> (artifact id: '30e2cab779c18a8c8fce5bc0ec4142e9') in 0.013710 seconds 
  Import took 0.016990 seconds .

========================================================================
Received Import Request.
  Time since last request: 0.000142 seconds.
  path: Assets/GUI/Battle/Player.png
  artifactKey: Guid(3f112841104b68c468e89f247d356f96) Importer(815301076,1909f56bfc062723c751e8b465ee728b)
Start importing Assets/GUI/Battle/Player.png using Guid(3f112841104b68c468e89f247d356f96) Importer(815301076,1909f56bfc062723c751e8b465ee728b)  -> (artifact id: 'b424c2a01a797f6522f479d5460e3e09') in 0.016393 seconds 
  Import took 0.020298 seconds .

========================================================================
Received Import Request.
  Time since last request: 0.000368 seconds.
  path: Assets/GUI/Battle/Monsters.png
  artifactKey: Guid(ef9c9139d80e2ee4bb5becd09b619636) Importer(815301076,1909f56bfc062723c751e8b465ee728b)
Start importing Assets/GUI/Battle/Monsters.png using Guid(ef9c9139d80e2ee4bb5becd09b619636) Importer(815301076,1909f56bfc062723c751e8b465ee728b)  -> (artifact id: '77c4d372d75f760f68413127551c43d4') in 0.016609 seconds 
  Import took 0.020765 seconds .

========================================================================
Received Import Request.
  Time since last request: 0.000156 seconds.
  path: Assets/GUI/Battle/Text Box.png
  artifactKey: Guid(fc39ac99ce9ad7c46a34e93a1281bd40) Importer(815301076,1909f56bfc062723c751e8b465ee728b)
Start importing Assets/GUI/Battle/Text Box.png using Guid(fc39ac99ce9ad7c46a34e93a1281bd40) Importer(815301076,1909f56bfc062723c751e8b465ee728b)  -> (artifact id: '89e212b308fd2c0ec91b5ba484bc0469') in 0.012039 seconds 
  Import took 0.015716 seconds .

========================================================================
Received Import Request.
  Time since last request: 0.000304 seconds.
  path: Assets/GUI/Battle/Hearts1.png
  artifactKey: Guid(894e84b92b9de524c9a7804bc006634f) Importer(815301076,1909f56bfc062723c751e8b465ee728b)
Start importing Assets/GUI/Battle/Hearts1.png using Guid(894e84b92b9de524c9a7804bc006634f) Importer(815301076,1909f56bfc062723c751e8b465ee728b)  -> (artifact id: '149ff4ca07acb0f3297e9fe06669a428') in 0.016114 seconds 
  Import took 0.019826 seconds .

========================================================================
Received Import Request.
  Time since last request: 0.000239 seconds.
  path: Assets/GUI/Battle/Button 3.png
  artifactKey: Guid(a13662f75d0090544a72e75992361211) Importer(815301076,1909f56bfc062723c751e8b465ee728b)
Start importing Assets/GUI/Battle/Button 3.png using Guid(a13662f75d0090544a72e75992361211) Importer(815301076,1909f56bfc062723c751e8b465ee728b)  -> (artifact id: '6f60c36037fcbfe66bfe1818ecb7e1b7') in 0.013923 seconds 
  Import took 0.017095 seconds .

========================================================================
Received Import Request.
  Time since last request: 0.000164 seconds.
  path: Assets/GUI/Battle/Button 4.png
  artifactKey: Guid(d25222cf5ce7cb14bbe758958a598489) Importer(815301076,1909f56bfc062723c751e8b465ee728b)
Start importing Assets/GUI/Battle/Button 4.png using Guid(d25222cf5ce7cb14bbe758958a598489) Importer(815301076,1909f56bfc062723c751e8b465ee728b)  -> (artifact id: '6fac4a45b15240a255dbfd424c63c142') in 0.017420 seconds 
  Import took 0.020303 seconds .

